INFO:etl.pipeline:🚀 STARTING ETL PIPELINE
INFO:etl.pipeline:=======================================================
INFO:etl.pipeline:
🔍 PRE-FLIGHT — Checking watermarks...
INFO:etl.pipeline:   Mode: ⚡ INCREMENTAL
INFO:etl.pipeline:   Watermarks: 145 tickers, latest=2026-03-30, oldest=2026-03-30
INFO:etl.pipeline:
📁 STEP 0/5 — SHADOW DB PREP
INFO:etl.pipeline:   📋 Copying production DB → shadow (preserving history)...
INFO:etl.pipeline:   ✅ Shadow DB ready in 0.02s (44.8 MB)
INFO:etl.pipeline:
📥 STEP 1/5 — EXTRACT (⚡ INCREMENTAL)
INFO:etl.extract:⚡ INCREMENTAL EXTRACT: All 145 tickers from 2026-03-28
INFO:etl.extract:    💱 Downloading FX rates for: {'EUR', 'DKK', 'HKD', 'JPY'}
INFO:etl.extract:✅ INCREMENTAL EXTRACT COMPLETE: 145 rows across 145 tickers
INFO:etl.extract:🚀 TURBO METADATA: Fetching info for 145 companies in parallel...
ERROR:yfinance:HTTP Error 401: {"finance":{"result":null,"error":{"code":"Unauthorized","description":"Invalid Crumb"}}}
ERROR:yfinance:HTTP Error 401: {"finance":{"result":null,"error":{"code":"Unauthorized","description":"Invalid Crumb"}}}
INFO:etl.extract:🚀 TURBO FINANCIALS: Fetching history for 145 companies in parallel...
INFO:etl.extract:🚀 TURBO QUARTERLY FINANCIALS: Fetching history for 145 companies in parallel...
INFO:etl.pipeline:   ⏱  Extract: 15.3s | Prices: 145 rows
INFO:etl.pipeline:
🔍 STEP 2/5 — VALIDATE
INFO:etl.pipeline:   ✅ Validation passed — 145 rows clean
INFO:etl.pipeline:
📤 STEP 3/5 — LOAD
INFO:etl.load:✅ Raw schema created
INFO:etl.load:✅ Loaded 145 rows → raw.stock_prices (total: 175,536)
INFO:etl.load:✅ Loaded 145 companies → raw.company_info (atomic swap)
INFO:etl.load:✅ Loaded 667 financial records → raw.historical_financials
INFO:etl.load:✅ Loaded 740 quarterly financial records → raw.quarterly_financials
INFO:etl.pipeline:   ⏱  Load: 0.0s
INFO:etl.pipeline:
🔧 STEP 4/5 — TRANSFORM
INFO:etl.transform:✅ Staging views created
INFO:etl.transform:✅ Intermediate tables created
INFO:etl.transform:✅ Mart tables created: fct_daily_returns, dim_companies, agg_monthly_performance, dim_annual_financials, dim_quarterly_financials
INFO:etl.pipeline:   ⏱  Transform: 0.4s
INFO:etl.pipeline:
📡 STEP 5/5 — ATOMIC SWAP
INFO:etl.load:📡 ATOMIC SWAP COMPLETE: Shadow DB is now Production.
INFO:etl.pipeline:   ⏱  Swap: 0.0s
INFO:etl.pipeline:
=======================================================
INFO:etl.pipeline:✅ PIPELINE COMPLETED SUCCESSFULLY [⚡ INCREMENTAL]
INFO:etl.pipeline:   Total time : 15.8s
INFO:etl.pipeline:   💡 Tip: Run with force_full=True to rebuild full history
INFO:etl.pipeline:   raw            .stock_prices                   → 175,536 rows
INFO:etl.pipeline:   staging        .stg_stock_prices               → 175,536 rows
INFO:etl.pipeline:   intermediate   .int_stock_metrics              → 175,391 rows
INFO:etl.pipeline:   marts          .fct_daily_returns              → 175,391 rows
INFO:etl.pipeline:   marts          .dim_companies                  → 145 rows
INFO:etl.pipeline:   marts          .agg_monthly_performance        → 8,389 rows
INFO:etl.pipeline:   marts          .dim_annual_financials          → 667 rows
INFO:etl.pipeline:   marts          .dim_quarterly_financials       → 740 rows

-- DATA QUALITY CHECKS ------------------------------------------
  ✅ PASS  fct_no_nulls_ticker
  ✅ PASS  fct_no_nulls_date
  ✅ PASS  fct_no_negative_price
  ✅ PASS  fct_unique_date_ticker
  All checks passed!

